2020-08-12 16:22:20 SendMsg To  Server: hello my server
2020-08-12 16:22:29 SendMsg To  Server: hello my server
2020-08-12 16:22:31 SendMsg To  Server: hello my server
2020-08-12 16:22:47 RcvMsg From Server: HELLO HOST
2020-08-12 16:22:48 RcvMsg From Server: HELLO HOST
2020-08-12 16:22:49 RcvMsg From Server: HELLO HOST
2020-08-12 16:22:53 RcvMsg From Server: HELLO HOST
2020-08-12 16:22:53 RcvMsg From Server: HELLO HOST
2020-08-12 16:22:54 RcvMsg From Server: HELLO HOST
2020-08-12 16:23:02 RcvMsg From Server: HELLO HOST
2020-08-12 16:23:03 RcvMsg From Server: HELLO HOST
2020-08-12 16:23:03 RcvMsg From Server: HELLO HOST
2020-08-12 16:23:03 RcvMsg From Server: HELLO HOST
2020-08-12 16:23:03 RcvMsg From Server: HELLO HOST
2020-08-12 16:23:04 RcvMsg From Server: HELLO HOST
2020-08-12 16:23:04 RcvMsg From Server: HELLO HOST
2020-08-12 16:23:04 RcvMsg From Server: HELLO HOST
2020-08-12 16:23:04 RcvMsg From Server: HELLO HOST
2020-08-12 16:23:04 RcvMsg From Server: HELLO HOST
2020-08-12 16:23:05 RcvMsg From Server: HELLO HOST
2020-08-12 16:23:05 RcvMsg From Server: HELLO HOST
2020-08-12 16:23:05 RcvMsg From Server: HELLO HOST
2020-08-12 16:23:06 SendMsg To  Server: hello my server
2020-08-12 16:23:07 SendMsg To  Server: hello my server
2020-08-12 16:23:08 SendMsg To  Server: hello my server
2020-08-12 16:23:08 SendMsg To  Server: hello my server
2020-08-12 16:23:08 SendMsg To  Server: hello my server
2020-08-12 16:23:08 SendMsg To  Server: hello my server
2020-08-12 16:23:08 SendMsg To  Server: hello my server
2020-08-12 16:23:09 SendMsg To  Server: hello my server
2020-08-12 16:23:09 SendMsg To  Server: hello my server
2020-08-12 16:23:09 SendMsg To  Server: hello my server
2020-08-12 21:02:27 RcvMsg From Server: helloppp
2020-08-12 21:02:41 RcvMsg From Server: hellozzzzzzzzzzzzz
2020-08-12 21:02:42 RcvMsg From Server: hellozzzzzzzzzzzzz
2020-08-12 21:02:48 SendMsg To  Server: hrrofjjb
2020-08-12 21:02:52 SendMsg To  Server: 12345678
2020-08-12 21:02:59 SendMsg To  Server: qqewr1234560987654
2020-08-12 21:03:09 SendMsg To  Server: 我们的
2020-08-12 21:03:18 SendMsg To  Server: 我们的
2020-08-12 21:03:18 SendMsg To  Server: 我们的
2020-08-12 21:03:19 SendMsg To  Server: 我们的
2020-08-12 21:04:31 SendMsg To  Server: 我们的
2020-08-12 21:04:31 SendMsg To  Server: 我们的
2020-08-12 21:04:31 SendMsg To  Server: 我们的
2020-08-12 21:04:31 SendMsg To  Server: 我们的
2020-08-12 21:04:32 SendMsg To  Server: 我们的
2020-08-12 21:04:32 SendMsg To  Server: 我们的
2020-08-12 21:04:32 SendMsg To  Server: 我们的
2020-08-12 21:04:32 SendMsg To  Server: 我们的
2020-08-12 21:04:33 SendMsg To  Server: 我们的
2020-08-12 21:04:33 SendMsg To  Server: 我们的
